C:\USERS\ADMIN\DESKTOP\PROJ2\DEBUG\PROJ2.EXE
C:\USERS\ADMIN\DESKTOP\PROJ2\DEBUG\PROJ2.ILK
C:\USERS\ADMIN\DESKTOP\PROJ2\DEBUG\PROJ2.PDB
C:\USERS\ADMIN\DESKTOP\PROJ2\PROJ2\DEBUG\.NETFRAMEWORK,VERSION=V4.0.ASSEMBLYATTRIBUTES.OBJ
C:\USERS\ADMIN\DESKTOP\PROJ2\PROJ2\DEBUG\ADMIN.OBJ
C:\USERS\ADMIN\DESKTOP\PROJ2\PROJ2\DEBUG\APP.RES
C:\USERS\ADMIN\DESKTOP\PROJ2\PROJ2\DEBUG\ASSEMBLYINFO.OBJ
C:\Users\Admin\Desktop\proj2\proj2\Debug\cl.command.1.tlog
C:\Users\Admin\Desktop\proj2\proj2\Debug\CL.read.1.tlog
C:\Users\Admin\Desktop\proj2\proj2\Debug\CL.write.1.tlog
C:\USERS\ADMIN\DESKTOP\PROJ2\PROJ2\DEBUG\EMPLOYEE.OBJ
C:\Users\Admin\Desktop\proj2\proj2\Debug\GenerateResource.read.54.tlog
C:\Users\Admin\Desktop\proj2\proj2\Debug\GenerateResource.write.54.tlog
C:\USERS\ADMIN\DESKTOP\PROJ2\PROJ2\DEBUG\HR.OBJ
C:\Users\Admin\Desktop\proj2\proj2\Debug\link.5136.read.1.tlog
C:\Users\Admin\Desktop\proj2\proj2\Debug\link.5136.write.1.tlog
C:\Users\Admin\Desktop\proj2\proj2\Debug\link.5136-cvtres.read.1.tlog
C:\Users\Admin\Desktop\proj2\proj2\Debug\link.5136-cvtres.write.1.tlog
C:\Users\Admin\Desktop\proj2\proj2\Debug\link.5980.read.1.tlog
C:\Users\Admin\Desktop\proj2\proj2\Debug\link.5980.write.1.tlog
C:\Users\Admin\Desktop\proj2\proj2\Debug\link.5980-cvtres.read.1.tlog
C:\Users\Admin\Desktop\proj2\proj2\Debug\link.5980-cvtres.write.1.tlog
C:\Users\Admin\Desktop\proj2\proj2\Debug\link.command.1.tlog
C:\Users\Admin\Desktop\proj2\proj2\Debug\link.read.1.tlog
C:\Users\Admin\Desktop\proj2\proj2\Debug\link.write.1.tlog
C:\USERS\ADMIN\DESKTOP\PROJ2\PROJ2\DEBUG\LOGIN.OBJ
C:\USERS\ADMIN\DESKTOP\PROJ2\PROJ2\DEBUG\MANAGER.OBJ
C:\Users\Admin\Desktop\proj2\proj2\Debug\mt.command.1.tlog
C:\Users\Admin\Desktop\proj2\proj2\Debug\mt.read.1.tlog
C:\Users\Admin\Desktop\proj2\proj2\Debug\mt.write.1.tlog
C:\USERS\ADMIN\DESKTOP\PROJ2\PROJ2\DEBUG\PROJ2.ADMIN.RESOURCES
C:\USERS\ADMIN\DESKTOP\PROJ2\PROJ2\DEBUG\PROJ2.EMPLOYEE.RESOURCES
C:\USERS\ADMIN\DESKTOP\PROJ2\PROJ2\DEBUG\PROJ2.EXE.INTERMEDIATE.MANIFEST
C:\USERS\ADMIN\DESKTOP\PROJ2\PROJ2\DEBUG\PROJ2.HR.RESOURCES
C:\USERS\ADMIN\DESKTOP\PROJ2\PROJ2\DEBUG\PROJ2.LOGIN.RESOURCES
C:\USERS\ADMIN\DESKTOP\PROJ2\PROJ2\DEBUG\PROJ2.MANAGER.RESOURCES
C:\USERS\ADMIN\DESKTOP\PROJ2\PROJ2\DEBUG\PROJ2.PCH
C:\Users\Admin\Desktop\proj2\proj2\Debug\proj2.write.1.tlog
C:\Users\Admin\Desktop\proj2\proj2\Debug\rc.command.1.tlog
C:\Users\Admin\Desktop\proj2\proj2\Debug\rc.read.1.tlog
C:\Users\Admin\Desktop\proj2\proj2\Debug\rc.write.1.tlog
C:\USERS\ADMIN\DESKTOP\PROJ2\PROJ2\DEBUG\STDAFX.OBJ
C:\USERS\ADMIN\DESKTOP\PROJ2\PROJ2\DEBUG\VC100.PDB
