Build started 08-03-2014 19:49:22.
     1>Project "C:\Users\Admin\Desktop\proj2\proj2\proj2.vcxproj" on node 2 (build target(s)).
     1>InitializeBuildStatus:
         Creating "Debug\proj2.unsuccessfulbuild" because "AlwaysCreate" was specified.
       GenerateTargetFrameworkMonikerAttribute:
       Skipping target "GenerateTargetFrameworkMonikerAttribute" because all output files are up-to-date with respect to the input files.
       ClCompile:
         All outputs are up-to-date.
         C:\Program Files (x86)\Microsoft Visual Studio 10.0\VC\bin\CL.exe /c /AI"C:\Program Files (x86)\Reference Assemblies\Microsoft\Framework\.NETFramework\v4.0" /Zi /clr:pure /nologo /W3 /WX- /Od /Oy- /D WIN32 /D _DEBUG /D _UNICODE /D UNICODE /EHa /MDd /GS /fp:precise /Zc:wchar_t /Zc:forScope /Yu"StdAfx.h" /Fp"Debug\proj2.pch" /Fo"Debug\\" /Fd"Debug\vc100.pdb" /TP /FU"C:\Program Files (x86)\MySQL\Connector NET 6.8.3\Assemblies\v4.0\MySql.Data.dll" /FU"C:\Program Files (x86)\Reference Assemblies\Microsoft\Framework\.NETFramework\v4.0\System.Core.dll" /FU"C:\Program Files (x86)\Reference Assemblies\Microsoft\Framework\.NETFramework\v4.0\System.Data.dll" /FU"C:\Program Files (x86)\Reference Assemblies\Microsoft\Framework\.NETFramework\v4.0\System.dll" /FU"C:\Program Files (x86)\Reference Assemblies\Microsoft\Framework\.NETFramework\v4.0\System.Drawing.dll" /FU"C:\Program Files (x86)\Reference Assemblies\Microsoft\Framework\.NETFramework\v4.0\System.Windows.Forms.dll" /FU"C:\Program Files (x86)\Reference Assemblies\Microsoft\Framework\.NETFramework\v4.0\System.Xml.dll" /analyze- /errorReport:prompt hr.cpp /clr:nostdlib 
         hr.cpp
         All outputs are up-to-date.
       CoreResGen:
         All outputs are up-to-date.
       ResourceCompile:
         All outputs are up-to-date.
       Link:
         C:\Program Files (x86)\Microsoft Visual Studio 10.0\VC\bin\link.exe /ERRORREPORT:PROMPT /OUT:"C:\Users\Admin\Desktop\proj2\Debug\proj2.exe" /INCREMENTAL /NOLOGO /ASSEMBLYRESOURCE:Debug\proj2.Admin.resources /ASSEMBLYRESOURCE:Debug\proj2.Employee.resources /ASSEMBLYRESOURCE:Debug\proj2.Login.resources /ASSEMBLYRESOURCE:Debug\proj2.hr.resources /ASSEMBLYRESOURCE:Debug\proj2.Manager.resources /MANIFEST /ManifestFile:"Debug\proj2.exe.intermediate.manifest" /MANIFESTUAC:"level='asInvoker' uiAccess='false'" /DEBUG /PDB:"C:\Users\Admin\Desktop\proj2\Debug\proj2.pdb" /ASSEMBLYDEBUG /SUBSYSTEM:WINDOWS /TLBID:1 /ENTRY:"main" /DYNAMICBASE /FIXED:NO /NXCOMPAT /MACHINE:X86 Debug\app.res
         Debug\Admin.obj
         Debug\AssemblyInfo.obj
         Debug\Employee.obj
         Debug\hr.obj
         Debug\Manager.obj
         Debug\Login.obj
         Debug\stdafx.obj
         "Debug\.NETFramework,Version=v4.0.AssemblyAttributes.obj"
         proj2.vcxproj -> C:\Users\Admin\Desktop\proj2\Debug\proj2.exe
       Manifest:
         C:\Program Files (x86)\Microsoft SDKs\Windows\v7.0A\bin\mt.exe /nologo /verbose /outputresource:"C:\Users\Admin\Desktop\proj2\Debug\proj2.exe;#1" /manifest Debug\proj2.exe.intermediate.manifest
       FinalizeBuildStatus:
         Deleting file "Debug\proj2.unsuccessfulbuild".
         Touching "Debug\proj2.lastbuildstate".
     1>Done Building Project "C:\Users\Admin\Desktop\proj2\proj2\proj2.vcxproj" (build target(s)).

Build succeeded.

Time Elapsed 00:00:01.60
